<?xml version="1.0" encoding="UTF-8"?>
<!-- Generated by org.testng.reporters.JUnitReportReporter -->
<testsuite hostname="Naufals-MacBook-Air.local" failures="0" tests="6" name="StepDefinitions.TestRunner.CucumberTestRunner" time="7.511" errors="0" timestamp="2024-05-05T23:08:56 WIB" skipped="0">
  <testcase classname="StepDefinitions.TestRunner.CucumberTestRunner" name="runScenario" time="1.116"/>
  <system-out/>
  <testcase classname="StepDefinitions.TestRunner.CucumberTestRunner" name="runScenario" time="0.983"/>
  <system-out/>
  <testcase classname="StepDefinitions.TestRunner.CucumberTestRunner" name="runScenario" time="1.065"/>
  <system-out/>
  <testcase classname="StepDefinitions.TestRunner.CucumberTestRunner" name="runScenario" time="1.970"/>
  <system-out/>
  <testcase classname="StepDefinitions.TestRunner.CucumberTestRunner" name="runScenario" time="1.240"/>
  <system-out/>
  <testcase classname="StepDefinitions.TestRunner.CucumberTestRunner" name="runScenario" time="1.137"/>
  <system-out/>
</testsuite> <!-- StepDefinitions.TestRunner.CucumberTestRunner -->
