<?xml version="1.0" encoding="UTF-8"?>
<!-- Generated by org.testng.reporters.JUnitReportReporter -->
<testsuite hostname="Naufals-MacBook-Air.local" failures="0" tests="6" name="StepDefinitions.TestRunner.CucumberTestRunner" time="9.559" errors="0" timestamp="2024-05-06T01:29:36 WIB" skipped="0">
  <testcase classname="StepDefinitions.TestRunner.CucumberTestRunner" name="runScenario" time="1.513"/>
  <system-out/>
  <testcase classname="StepDefinitions.TestRunner.CucumberTestRunner" name="runScenario" time="1.591"/>
  <system-out/>
  <testcase classname="StepDefinitions.TestRunner.CucumberTestRunner" name="runScenario" time="1.564"/>
  <system-out/>
  <testcase classname="StepDefinitions.TestRunner.CucumberTestRunner" name="runScenario" time="2.164"/>
  <system-out/>
  <testcase classname="StepDefinitions.TestRunner.CucumberTestRunner" name="runScenario" time="0.980"/>
  <system-out/>
  <testcase classname="StepDefinitions.TestRunner.CucumberTestRunner" name="runScenario" time="1.747"/>
  <system-out/>
</testsuite> <!-- StepDefinitions.TestRunner.CucumberTestRunner -->
