<?xml version="1.0" encoding="UTF-8"?>
<!-- Generated by org.testng.reporters.JUnitReportReporter -->
<testsuite hostname="Naufals-MacBook-Air.local" failures="0" tests="6" name="StepDefinitions.TestRunner.CucumberTestRunner" time="7.584" errors="0" timestamp="2024-05-05T23:09:35 WIB" skipped="0">
  <testcase classname="StepDefinitions.TestRunner.CucumberTestRunner" name="runScenario" time="1.706"/>
  <testcase classname="StepDefinitions.TestRunner.CucumberTestRunner" name="runScenario" time="0.968"/>
  <testcase classname="StepDefinitions.TestRunner.CucumberTestRunner" name="runScenario" time="1.185"/>
  <testcase classname="StepDefinitions.TestRunner.CucumberTestRunner" name="runScenario" time="1.051"/>
  <testcase classname="StepDefinitions.TestRunner.CucumberTestRunner" name="runScenario" time="1.581"/>
  <testcase classname="StepDefinitions.TestRunner.CucumberTestRunner" name="runScenario" time="1.093"/>
</testsuite> <!-- StepDefinitions.TestRunner.CucumberTestRunner -->
