<?xml version="1.0" encoding="UTF-8"?>
<!-- Generated by org.testng.reporters.JUnitReportReporter -->
<testsuite hostname="Naufals-MacBook-Air.local" failures="0" tests="6" name="StepDefinitions.TestRunner.CucumberTestRunner" time="8.364" errors="0" timestamp="2024-05-06T01:14:49 WIB" skipped="0">
  <testcase classname="StepDefinitions.TestRunner.CucumberTestRunner" name="runScenario" time="1.210"/>
  <testcase classname="StepDefinitions.TestRunner.CucumberTestRunner" name="runScenario" time="1.237"/>
  <testcase classname="StepDefinitions.TestRunner.CucumberTestRunner" name="runScenario" time="1.328"/>
  <testcase classname="StepDefinitions.TestRunner.CucumberTestRunner" name="runScenario" time="0.953"/>
  <testcase classname="StepDefinitions.TestRunner.CucumberTestRunner" name="runScenario" time="1.219"/>
  <testcase classname="StepDefinitions.TestRunner.CucumberTestRunner" name="runScenario" time="2.417"/>
</testsuite> <!-- StepDefinitions.TestRunner.CucumberTestRunner -->
